<?xml version="1.0" encoding="UTF-8"?>
<testsuite name="AppiumTest" tests="1" skipped="0" failures="0" errors="0" timestamp="2021-10-26T06:27:36" hostname="IL-THOKA-7290" time="96.876">
  <properties/>
  <testcase name="checkSite()" classname="AppiumTest" time="96.876"/>
  <system-out><![CDATA[Banner never showed
Title is ok: Official FC Barcelona Website
]]></system-out>
  <system-err><![CDATA[Oct 26, 2021 9:28:03 AM io.appium.java_client.remote.AppiumCommandExecutor$1 lambda$0
INFO: Detected dialect: OSS
]]></system-err>
</testsuite>
