<?xml version="1.0" encoding="UTF-8"?>
<testsuite name="AppiumTest" tests="2" skipped="0" failures="0" errors="0" timestamp="2021-10-26T06:52:27" hostname="IL-THOKA-7290" time="46.786">
  <properties/>
  <testcase name="checkPoll()" classname="AppiumTest" time="32.841"/>
  <testcase name="checkSite()" classname="AppiumTest" time="13.945"/>
  <system-out><![CDATA[Poll not found
Banner never showed
Title is ok: Official FC Barcelona Website
]]></system-out>
  <system-err><![CDATA[Oct 26, 2021 9:52:17 AM io.appium.java_client.remote.AppiumCommandExecutor$1 lambda$0
INFO: Detected dialect: OSS
]]></system-err>
</testsuite>
